# JRE version: OpenJDK Runtime Environment (15.0.2+7) (build 15.0.2+7-27)
# Java VM: OpenJDK 64-Bit Server VM (15.0.2+7-27, mixed mode, tiered, compressed oops, g1 gc, windows-amd64)
GC Precious Log:
 CPUs: 8 total, 8 available
 Memory: 16268M
 Large Page Support: Disabled
 NUMA Support: Disabled
 Compressed Oops: Enabled (Zero based)
 Heap Region Size: 2M
 Heap Min Capacity: 8M
 Heap Initial Capacity: 256M
 Heap Max Capacity: 4068M
 Pre-touch: Disabled
 Parallel Workers: 8
 Concurrent Workers: 2
 Concurrent Refinement Workers: 8
 Periodic GC: Disabled
Heap:
 garbage-first heap   total 378880K, used 63742K [0x0000000701c00000, 0x0000000800000000)
  region size 2048K, 31 young (63488K), 1 survivors (2048K)
 Metaspace       used 13787K, capacity 14029K, committed 14208K, reserved 1062912K
  class space    used 1259K, capacity 1330K, committed 1408K, reserved 1048576K
GC Heap History (20 events):
Event: 1.458 GC heap before
{Heap before GC invocations=8 (full 0):
 garbage-first heap   total 262144K, used 157903K [0x0000000701c00000, 0x0000000800000000)
  region size 2048K, 76 young (155648K), 1 survivors (2048K)
 Metaspace       used 13722K, capacity 13901K, committed 14208K, reserved 1062912K
  class space    used 1259K, capacity 1330K, committed 1408K, reserved 1048576K
}
Event: 1.459 GC heap after
{Heap after GC invocations=9 (full 0):
 garbage-first heap   total 262144K, used 4354K [0x0000000701c00000, 0x0000000800000000)
  region size 2048K, 1 young (2048K), 1 survivors (2048K)
 Metaspace       used 13722K, capacity 13901K, committed 14208K, reserved 1062912K
  class space    used 1259K, capacity 1330K, committed 1408K, reserved 1048576K
}
Event: 1.511 GC heap before
{Heap before GC invocations=9 (full 0):
 garbage-first heap   total 262144K, used 157954K [0x0000000701c00000, 0x0000000800000000)
  region size 2048K, 76 young (155648K), 1 survivors (2048K)
 Metaspace       used 13745K, capacity 13901K, committed 14208K, reserved 1062912K
  class space    used 1259K, capacity 1330K, committed 1408K, reserved 1048576K
}
Event: 1.512 GC heap after
{Heap after GC invocations=10 (full 0):
 garbage-first heap   total 262144K, used 4428K [0x0000000701c00000, 0x0000000800000000)
  region size 2048K, 1 young (2048K), 1 survivors (2048K)
 Metaspace       used 13745K, capacity 13901K, committed 14208K, reserved 1062912K
  class space    used 1259K, capacity 1330K, committed 1408K, reserved 1048576K
}
Event: 1.568 GC heap before
{Heap before GC invocations=10 (full 0):
 garbage-first heap   total 262144K, used 158028K [0x0000000701c00000, 0x0000000800000000)
  region size 2048K, 76 young (155648K), 1 survivors (2048K)
 Metaspace       used 13749K, capacity 13901K, committed 14208K, reserved 1062912K
  class space    used 1259K, capacity 1330K, committed 1408K, reserved 1048576K
}
Event: 1.569 GC heap after
{Heap after GC invocations=11 (full 0):
 garbage-first heap   total 262144K, used 4419K [0x0000000701c00000, 0x0000000800000000)
  region size 2048K, 1 young (2048K), 1 survivors (2048K)
 Metaspace       used 13749K, capacity 13901K, committed 14208K, reserved 1062912K
  class space    used 1259K, capacity 1330K, committed 1408K, reserved 1048576K
}
Event: 1.627 GC heap before
{Heap before GC invocations=11 (full 0):
 garbage-first heap   total 262144K, used 158019K [0x0000000701c00000, 0x0000000800000000)
  region size 2048K, 76 young (155648K), 1 survivors (2048K)
 Metaspace       used 13756K, capacity 13901K, committed 14208K, reserved 1062912K
  class space    used 1259K, capacity 1330K, committed 1408K, reserved 1048576K
}
Event: 1.628 GC heap after
{Heap after GC invocations=12 (full 0):
 garbage-first heap   total 315392K, used 4356K [0x0000000701c00000, 0x0000000800000000)
  region size 2048K, 1 young (2048K), 1 survivors (2048K)
 Metaspace       used 13756K, capacity 13901K, committed 14208K, reserved 1062912K
  class space    used 1259K, capacity 1330K, committed 1408K, reserved 1048576K
}
Event: 1.688 GC heap before
{Heap before GC invocations=12 (full 0):
 garbage-first heap   total 315392K, used 190724K [0x0000000701c00000, 0x0000000800000000)
  region size 2048K, 92 young (188416K), 1 survivors (2048K)
 Metaspace       used 13758K, capacity 13901K, committed 14208K, reserved 1062912K
  class space    used 1259K, capacity 1330K, committed 1408K, reserved 1048576K
}
Event: 1.689 GC heap after
{Heap after GC invocations=13 (full 0):
 garbage-first heap   total 315392K, used 4456K [0x0000000701c00000, 0x0000000800000000)
  region size 2048K, 1 young (2048K), 1 survivors (2048K)
 Metaspace       used 13758K, capacity 13901K, committed 14208K, reserved 1062912K
  class space    used 1259K, capacity 1330K, committed 1408K, reserved 1048576K
}
Event: 1.746 GC heap before
{Heap before GC invocations=13 (full 0):
 garbage-first heap   total 315392K, used 190824K [0x0000000701c00000, 0x0000000800000000)
  region size 2048K, 92 young (188416K), 1 survivors (2048K)
 Metaspace       used 13766K, capacity 13901K, committed 14208K, reserved 1062912K
  class space    used 1259K, capacity 1330K, committed 1408K, reserved 1048576K
}
Event: 1.747 GC heap after
{Heap after GC invocations=14 (full 0):
 garbage-first heap   total 315392K, used 4321K [0x0000000701c00000, 0x0000000800000000)
  region size 2048K, 1 young (2048K), 1 survivors (2048K)
 Metaspace       used 13766K, capacity 13901K, committed 14208K, reserved 1062912K
  class space    used 1259K, capacity 1330K, committed 1408K, reserved 1048576K
}
Event: 1.797 GC heap before
{Heap before GC invocations=14 (full 0):
 garbage-first heap   total 315392K, used 190689K [0x0000000701c00000, 0x0000000800000000)
  region size 2048K, 92 young (188416K), 1 survivors (2048K)
 Metaspace       used 13767K, capacity 13901K, committed 14208K, reserved 1062912K
  class space    used 1259K, capacity 1330K, committed 1408K, reserved 1048576K
}
Event: 1.798 GC heap after
{Heap after GC invocations=15 (full 0):
 garbage-first heap   total 315392K, used 4335K [0x0000000701c00000, 0x0000000800000000)
  region size 2048K, 1 young (2048K), 1 survivors (2048K)
 Metaspace       used 13767K, capacity 13901K, committed 14208K, reserved 1062912K
  class space    used 1259K, capacity 1330K, committed 1408K, reserved 1048576K
}
Event: 1.848 GC heap before
{Heap before GC invocations=15 (full 0):
 garbage-first heap   total 315392K, used 190703K [0x0000000701c00000, 0x0000000800000000)
  region size 2048K, 92 young (188416K), 1 survivors (2048K)
 Metaspace       used 13770K, capacity 13901K, committed 14208K, reserved 1062912K
  class space    used 1259K, capacity 1330K, committed 1408K, reserved 1048576K
}
Event: 1.849 GC heap after
{Heap after GC invocations=16 (full 0):
 garbage-first heap   total 315392K, used 4439K [0x0000000701c00000, 0x0000000800000000)
  region size 2048K, 1 young (2048K), 1 survivors (2048K)
 Metaspace       used 13770K, capacity 13901K, committed 14208K, reserved 1062912K
  class space    used 1259K, capacity 1330K, committed 1408K, reserved 1048576K
}
Event: 1.897 GC heap before
{Heap before GC invocations=16 (full 0):
 garbage-first heap   total 315392K, used 190807K [0x0000000701c00000, 0x0000000800000000)
  region size 2048K, 92 young (188416K), 1 survivors (2048K)
 Metaspace       used 13779K, capacity 13965K, committed 14208K, reserved 1062912K
  class space    used 1259K, capacity 1330K, committed 1408K, reserved 1048576K
}
Event: 1.899 GC heap after
{Heap after GC invocations=17 (full 0):
 garbage-first heap   total 378880K, used 4435K [0x0000000701c00000, 0x0000000800000000)
  region size 2048K, 1 young (2048K), 1 survivors (2048K)
 Metaspace       used 13779K, capacity 13965K, committed 14208K, reserved 1062912K
  class space    used 1259K, capacity 1330K, committed 1408K, reserved 1048576K
}
Event: 1.970 GC heap before
{Heap before GC invocations=17 (full 0):
 garbage-first heap   total 378880K, used 229715K [0x0000000701c00000, 0x0000000800000000)
  region size 2048K, 111 young (227328K), 1 survivors (2048K)
 Metaspace       used 13781K, capacity 13965K, committed 14208K, reserved 1062912K
  class space    used 1259K, capacity 1330K, committed 1408K, reserved 1048576K
}
Event: 1.971 GC heap after
{Heap after GC invocations=18 (full 0):
 garbage-first heap   total 378880K, used 4475K [0x0000000701c00000, 0x0000000800000000)
  region size 2048K, 1 young (2048K), 1 survivors (2048K)
 Metaspace       used 13781K, capacity 13965K, committed 14208K, reserved 1062912K
  class space    used 1259K, capacity 1330K, committed 1408K, reserved 1048576K
}

