# JRE version: OpenJDK Runtime Environment (15.0.2+7) (build 15.0.2+7-27)
# Java VM: OpenJDK 64-Bit Server VM (15.0.2+7-27, mixed mode, tiered, compressed oops, g1 gc, windows-amd64)
GC Precious Log:
 CPUs: 8 total, 8 available
 Memory: 16268M
 Large Page Support: Disabled
 NUMA Support: Disabled
 Compressed Oops: Enabled (Zero based)
 Heap Region Size: 2M
 Heap Min Capacity: 8M
 Heap Initial Capacity: 256M
 Heap Max Capacity: 4068M
 Pre-touch: Disabled
 Parallel Workers: 8
 Concurrent Workers: 2
 Concurrent Refinement Workers: 8
 Periodic GC: Disabled
Heap:
 garbage-first heap   total 454656K, used 4791K [0x0000000701c00000, 0x0000000800000000)
  region size 2048K, 1 young (2048K), 1 survivors (2048K)
 Metaspace       used 13861K, capacity 14034K, committed 14208K, reserved 1062912K
  class space    used 1258K, capacity 1330K, committed 1408K, reserved 1048576K
GC Heap History (20 events):
Event: 5.259 GC heap after
{Heap after GC invocations=68 (full 0):
 garbage-first heap   total 378880K, used 4758K [0x0000000701c00000, 0x0000000800000000)
  region size 2048K, 1 young (2048K), 1 survivors (2048K)
 Metaspace       used 13855K, capacity 14034K, committed 14208K, reserved 1062912K
  class space    used 1258K, capacity 1330K, committed 1408K, reserved 1048576K
}
Event: 5.313 GC heap before
{Heap before GC invocations=68 (full 0):
 garbage-first heap   total 378880K, used 230038K [0x0000000701c00000, 0x0000000800000000)
  region size 2048K, 111 young (227328K), 1 survivors (2048K)
 Metaspace       used 13855K, capacity 14034K, committed 14208K, reserved 1062912K
  class space    used 1258K, capacity 1330K, committed 1408K, reserved 1048576K
}
Event: 5.314 GC heap after
{Heap after GC invocations=69 (full 0):
 garbage-first heap   total 378880K, used 4741K [0x0000000701c00000, 0x0000000800000000)
  region size 2048K, 1 young (2048K), 1 survivors (2048K)
 Metaspace       used 13855K, capacity 14034K, committed 14208K, reserved 1062912K
  class space    used 1258K, capacity 1330K, committed 1408K, reserved 1048576K
}
Event: 5.367 GC heap before
{Heap before GC invocations=69 (full 0):
 garbage-first heap   total 378880K, used 230021K [0x0000000701c00000, 0x0000000800000000)
  region size 2048K, 111 young (227328K), 1 survivors (2048K)
 Metaspace       used 13855K, capacity 14034K, committed 14208K, reserved 1062912K
  class space    used 1258K, capacity 1330K, committed 1408K, reserved 1048576K
}
Event: 5.367 GC heap after
{Heap after GC invocations=70 (full 0):
 garbage-first heap   total 378880K, used 4770K [0x0000000701c00000, 0x0000000800000000)
  region size 2048K, 1 young (2048K), 1 survivors (2048K)
 Metaspace       used 13855K, capacity 14034K, committed 14208K, reserved 1062912K
  class space    used 1258K, capacity 1330K, committed 1408K, reserved 1048576K
}
Event: 5.427 GC heap before
{Heap before GC invocations=70 (full 0):
 garbage-first heap   total 378880K, used 230050K [0x0000000701c00000, 0x0000000800000000)
  region size 2048K, 111 young (227328K), 1 survivors (2048K)
 Metaspace       used 13856K, capacity 14034K, committed 14208K, reserved 1062912K
  class space    used 1258K, capacity 1330K, committed 1408K, reserved 1048576K
}
Event: 5.428 GC heap after
{Heap after GC invocations=71 (full 0):
 garbage-first heap   total 378880K, used 4739K [0x0000000701c00000, 0x0000000800000000)
  region size 2048K, 1 young (2048K), 1 survivors (2048K)
 Metaspace       used 13856K, capacity 14034K, committed 14208K, reserved 1062912K
  class space    used 1258K, capacity 1330K, committed 1408K, reserved 1048576K
}
Event: 5.481 GC heap before
{Heap before GC invocations=71 (full 0):
 garbage-first heap   total 378880K, used 230019K [0x0000000701c00000, 0x0000000800000000)
  region size 2048K, 111 young (227328K), 1 survivors (2048K)
 Metaspace       used 13856K, capacity 14034K, committed 14208K, reserved 1062912K
  class space    used 1258K, capacity 1330K, committed 1408K, reserved 1048576K
}
Event: 5.482 GC heap after
{Heap after GC invocations=72 (full 0):
 garbage-first heap   total 378880K, used 4727K [0x0000000701c00000, 0x0000000800000000)
  region size 2048K, 1 young (2048K), 1 survivors (2048K)
 Metaspace       used 13856K, capacity 14034K, committed 14208K, reserved 1062912K
  class space    used 1258K, capacity 1330K, committed 1408K, reserved 1048576K
}
Event: 5.545 GC heap before
{Heap before GC invocations=72 (full 0):
 garbage-first heap   total 378880K, used 230007K [0x0000000701c00000, 0x0000000800000000)
  region size 2048K, 111 young (227328K), 1 survivors (2048K)
 Metaspace       used 13856K, capacity 14034K, committed 14208K, reserved 1062912K
  class space    used 1258K, capacity 1330K, committed 1408K, reserved 1048576K
}
Event: 5.546 GC heap after
{Heap after GC invocations=73 (full 0):
 garbage-first heap   total 378880K, used 4768K [0x0000000701c00000, 0x0000000800000000)
  region size 2048K, 1 young (2048K), 1 survivors (2048K)
 Metaspace       used 13856K, capacity 14034K, committed 14208K, reserved 1062912K
  class space    used 1258K, capacity 1330K, committed 1408K, reserved 1048576K
}
Event: 5.610 GC heap before
{Heap before GC invocations=73 (full 0):
 garbage-first heap   total 378880K, used 230048K [0x0000000701c00000, 0x0000000800000000)
  region size 2048K, 111 young (227328K), 1 survivors (2048K)
 Metaspace       used 13856K, capacity 14034K, committed 14208K, reserved 1062912K
  class space    used 1258K, capacity 1330K, committed 1408K, reserved 1048576K
}
Event: 5.611 GC heap after
{Heap after GC invocations=74 (full 0):
 garbage-first heap   total 378880K, used 4750K [0x0000000701c00000, 0x0000000800000000)
  region size 2048K, 1 young (2048K), 1 survivors (2048K)
 Metaspace       used 13856K, capacity 14034K, committed 14208K, reserved 1062912K
  class space    used 1258K, capacity 1330K, committed 1408K, reserved 1048576K
}
Event: 5.665 GC heap before
{Heap before GC invocations=74 (full 0):
 garbage-first heap   total 378880K, used 230030K [0x0000000701c00000, 0x0000000800000000)
  region size 2048K, 111 young (227328K), 1 survivors (2048K)
 Metaspace       used 13856K, capacity 14034K, committed 14208K, reserved 1062912K
  class space    used 1258K, capacity 1330K, committed 1408K, reserved 1048576K
}
Event: 5.666 GC heap after
{Heap after GC invocations=75 (full 0):
 garbage-first heap   total 378880K, used 4790K [0x0000000701c00000, 0x0000000800000000)
  region size 2048K, 1 young (2048K), 1 survivors (2048K)
 Metaspace       used 13856K, capacity 14034K, committed 14208K, reserved 1062912K
  class space    used 1258K, capacity 1330K, committed 1408K, reserved 1048576K
}
Event: 5.724 GC heap before
{Heap before GC invocations=75 (full 0):
 garbage-first heap   total 378880K, used 230070K [0x0000000701c00000, 0x0000000800000000)
  region size 2048K, 111 young (227328K), 1 survivors (2048K)
 Metaspace       used 13861K, capacity 14034K, committed 14208K, reserved 1062912K
  class space    used 1258K, capacity 1330K, committed 1408K, reserved 1048576K
}
Event: 5.725 GC heap after
{Heap after GC invocations=76 (full 0):
 garbage-first heap   total 378880K, used 4774K [0x0000000701c00000, 0x0000000800000000)
  region size 2048K, 1 young (2048K), 1 survivors (2048K)
 Metaspace       used 13861K, capacity 14034K, committed 14208K, reserved 1062912K
  class space    used 1258K, capacity 1330K, committed 1408K, reserved 1048576K
}
Event: 5.781 GC heap before
{Heap before GC invocations=76 (full 0):
 garbage-first heap   total 378880K, used 230054K [0x0000000701c00000, 0x0000000800000000)
  region size 2048K, 111 young (227328K), 1 survivors (2048K)
 Metaspace       used 13861K, capacity 14034K, committed 14208K, reserved 1062912K
  class space    used 1258K, capacity 1330K, committed 1408K, reserved 1048576K
}
Event: 5.782 GC heap after
{Heap after GC invocations=77 (full 0):
 garbage-first heap   total 378880K, used 4767K [0x0000000701c00000, 0x0000000800000000)
  region size 2048K, 1 young (2048K), 1 survivors (2048K)
 Metaspace       used 13861K, capacity 14034K, committed 14208K, reserved 1062912K
  class space    used 1258K, capacity 1330K, committed 1408K, reserved 1048576K
}
Event: 5.836 GC heap before
{Heap before GC invocations=77 (full 0):
 garbage-first heap   total 378880K, used 230047K [0x0000000701c00000, 0x0000000800000000)
  region size 2048K, 111 young (227328K), 1 survivors (2048K)
 Metaspace       used 13861K, capacity 14034K, committed 14208K, reserved 1062912K
  class space    used 1258K, capacity 1330K, committed 1408K, reserved 1048576K
}

